<?xml version="1.0" encoding="UTF-8"?>
<!-- Generated by org.testng.reporters.JUnitReportReporter -->
<testsuite hostname="DESKTOP-7DKENU5" failures="0" tests="1" name="reporting.LoginTest" time="11.953" errors="0" timestamp="2021-12-15T16:58:21 EST" skipped="0">
  <testcase classname="reporting.LoginTest" name="Login" time="11.953"/>
  <system-out/>
</testsuite> <!-- reporting.LoginTest -->
